<?xml version="1.0" encoding="UTF-8"?>
<!-- Generated by org.testng.reporters.JUnitReportReporter -->
<testsuite hostname="DESKTOP-NPVMUJE" failures="0" tests="1" name="Testannotation.CreateOrganizationTest" time="14.018" errors="0" timestamp="2024-08-13T18:29:28 IST" skipped="0">
  <testcase classname="Testannotation.CreateOrganizationTest" name="createorg" time="14.018"/>
  <system-out>
    <![CDATA[Organization is created and TC is PASSED]]>
  </system-out>
</testsuite> <!-- Testannotation.CreateOrganizationTest -->
